<?xml version="1.0" encoding="UTF-8"?>
<testng-results ignored="0" total="1" passed="1" failed="0" skipped="0">
  <reporter-output>
  </reporter-output>
  <suite started-at="2022-09-17T17:49:39 IST" name="Default suite" finished-at="2022-09-17T17:50:33 IST" duration-ms="53743">
    <groups>
    </groups>
    <test started-at="2022-09-17T17:49:39 IST" name="Default test" finished-at="2022-09-17T17:50:33 IST" duration-ms="53743">
      <class name="org.flipkart.addtocart.InsertProductInAddToCart">
        <test-method is-config="true" signature="suiteSetup()[pri:0, instance:org.flipkart.addtocart.InsertProductInAddToCart@54c5a2ff]" started-at="2022-09-17T17:49:39 IST" name="suiteSetup" finished-at="2022-09-17T17:49:39 IST" duration-ms="22" status="PASS">
          <reporter-output>
          </reporter-output>
        </test-method> <!-- suiteSetup -->
        <test-method is-config="true" signature="classSetup()[pri:0, instance:org.flipkart.addtocart.InsertProductInAddToCart@54c5a2ff]" started-at="2022-09-17T17:49:40 IST" name="classSetup" finished-at="2022-09-17T17:50:14 IST" duration-ms="34173" status="PASS">
          <reporter-output>
          </reporter-output>
        </test-method> <!-- classSetup -->
        <test-method is-config="true" signature="methodSetup()[pri:0, instance:org.flipkart.addtocart.InsertProductInAddToCart@54c5a2ff]" started-at="2022-09-17T17:50:14 IST" name="methodSetup" finished-at="2022-09-17T17:50:14 IST" duration-ms="2" status="PASS">
          <reporter-output>
          </reporter-output>
        </test-method> <!-- methodSetup -->
        <test-method signature="insertProductToCart()[pri:0, instance:org.flipkart.addtocart.InsertProductInAddToCart@54c5a2ff]" started-at="2022-09-17T17:50:14 IST" name="insertProductToCart" finished-at="2022-09-17T17:50:32 IST" duration-ms="18261" status="PASS">
          <reporter-output>
          </reporter-output>
        </test-method> <!-- insertProductToCart -->
        <test-method is-config="true" signature="methodTearDown()[pri:0, instance:org.flipkart.addtocart.InsertProductInAddToCart@54c5a2ff]" started-at="2022-09-17T17:50:32 IST" name="methodTearDown" finished-at="2022-09-17T17:50:33 IST" duration-ms="768" status="PASS">
          <reporter-output>
          </reporter-output>
        </test-method> <!-- methodTearDown -->
        <test-method is-config="true" signature="classTearDown()[pri:0, instance:org.flipkart.addtocart.InsertProductInAddToCart@54c5a2ff]" started-at="2022-09-17T17:50:33 IST" name="classTearDown" finished-at="2022-09-17T17:50:33 IST" duration-ms="1" status="PASS">
          <reporter-output>
          </reporter-output>
        </test-method> <!-- classTearDown -->
        <test-method is-config="true" signature="suiteTearDown()[pri:0, instance:org.flipkart.addtocart.InsertProductInAddToCart@54c5a2ff]" started-at="2022-09-17T17:50:34 IST" name="suiteTearDown" finished-at="2022-09-17T17:50:34 IST" duration-ms="2" status="PASS">
          <reporter-output>
          </reporter-output>
        </test-method> <!-- suiteTearDown -->
      </class> <!-- org.flipkart.addtocart.InsertProductInAddToCart -->
    </test> <!-- Default test -->
  </suite> <!-- Default suite -->
</testng-results>
