<?xml version="1.0" encoding="UTF-8"?>
<testng-results ignored="0" total="1" passed="1" failed="0" skipped="0">
  <reporter-output>
  </reporter-output>
  <suite started-at="2022-09-20T12:38:29 IST" name="Default suite" finished-at="2022-09-20T12:40:29 IST" duration-ms="120150">
    <groups>
    </groups>
    <test started-at="2022-09-20T12:38:29 IST" name="Default test" finished-at="2022-09-20T12:40:29 IST" duration-ms="120150">
      <class name="org.flipkart.addtocart.InsertProductInAddToCart">
        <test-method is-config="true" signature="suiteSetup()[pri:0, instance:org.flipkart.addtocart.InsertProductInAddToCart@54c5a2ff]" started-at="2022-09-20T12:38:29 IST" name="suiteSetup" finished-at="2022-09-20T12:38:29 IST" duration-ms="30" status="PASS">
          <reporter-output>
          </reporter-output>
        </test-method> <!-- suiteSetup -->
        <test-method is-config="true" signature="classSetup()[pri:0, instance:org.flipkart.addtocart.InsertProductInAddToCart@54c5a2ff]" started-at="2022-09-20T12:38:30 IST" name="classSetup" finished-at="2022-09-20T12:40:13 IST" duration-ms="103053" status="PASS">
          <reporter-output>
          </reporter-output>
        </test-method> <!-- classSetup -->
        <test-method is-config="true" signature="methodSetup()[pri:0, instance:org.flipkart.addtocart.InsertProductInAddToCart@54c5a2ff]" started-at="2022-09-20T12:40:13 IST" name="methodSetup" finished-at="2022-09-20T12:40:13 IST" duration-ms="0" status="PASS">
          <reporter-output>
          </reporter-output>
        </test-method> <!-- methodSetup -->
        <test-method signature="insertProductToCart()[pri:0, instance:org.flipkart.addtocart.InsertProductInAddToCart@54c5a2ff]" started-at="2022-09-20T12:40:13 IST" name="insertProductToCart" finished-at="2022-09-20T12:40:29 IST" duration-ms="15764" status="PASS">
          <reporter-output>
          </reporter-output>
        </test-method> <!-- insertProductToCart -->
        <test-method is-config="true" signature="methodTearDown()[pri:0, instance:org.flipkart.addtocart.InsertProductInAddToCart@54c5a2ff]" started-at="2022-09-20T12:40:29 IST" name="methodTearDown" finished-at="2022-09-20T12:40:29 IST" duration-ms="640" status="PASS">
          <reporter-output>
          </reporter-output>
        </test-method> <!-- methodTearDown -->
        <test-method is-config="true" signature="classTearDown()[pri:0, instance:org.flipkart.addtocart.InsertProductInAddToCart@54c5a2ff]" started-at="2022-09-20T12:40:29 IST" name="classTearDown" finished-at="2022-09-20T12:40:29 IST" duration-ms="1" status="PASS">
          <reporter-output>
          </reporter-output>
        </test-method> <!-- classTearDown -->
        <test-method is-config="true" signature="suiteTearDown()[pri:0, instance:org.flipkart.addtocart.InsertProductInAddToCart@54c5a2ff]" started-at="2022-09-20T12:40:30 IST" name="suiteTearDown" finished-at="2022-09-20T12:40:30 IST" duration-ms="1" status="PASS">
          <reporter-output>
          </reporter-output>
        </test-method> <!-- suiteTearDown -->
      </class> <!-- org.flipkart.addtocart.InsertProductInAddToCart -->
    </test> <!-- Default test -->
  </suite> <!-- Default suite -->
</testng-results>
